<?xml version="1.0" encoding="UTF-8"?>
<testsuite xmlns:xsi="http://www.w3.org/2001/XMLSchema-instance" xsi:noNamespaceSchemaLocation="https://maven.apache.org/surefire/maven-surefire-plugin/xsd/surefire-test-report-3.0.xsd" version="3.0" name="TestSuite" time="42.675" tests="26" errors="0" skipped="0" failures="1">
  <properties>
[...]
</properties>
  <testcase name="userRegisterationTest" classname="com.seldocker.Test.FlightReservationTest" time="4.058">
    <system-out><![CDATA[20:57:21.817 INFO  [           main] &amp#27;[36mc.s.util.ResourceLoader       &amp#27;[0;39m : Reading resource from location: config/config.properties
20:57:21.825 INFO  [           main] &amp#27;[36mcom.seldocker.util.Config     &amp#27;[0;39m : Test Properties
20:57:21.825 INFO  [           main] &amp#27;[36mcom.seldocker.util.Config     &amp#27;[0;39m : selenium.grid.urlFormate=http://%s:4444/wd/hub
20:57:21.825 INFO  [           main] &amp#27;[36mcom.seldocker.util.Config     &amp#27;[0;39m : browser=chrome
20:57:21.825 INFO  [           main] &amp#27;[36mcom.seldocker.util.Config     &amp#27;[0;39m : selenium.grid.enabled=true
20:57:21.825 INFO  [           main] &amp#27;[36mcom.seldocker.util.Config     &amp#27;[0;39m : flightReservation.url=https://d1uh9e7cu07ukd.cloudfront.net/selenium-docker/reservation-app/index.html
20:57:21.826 INFO  [           main] &amp#27;[36mcom.seldocker.util.Config     &amp#27;[0;39m : vendorProtal.url=https://d1uh9e7cu07ukd.cloudfront.net/selenium-docker/vendor-app/index.html
20:57:21.826 INFO  [           main] &amp#27;[36mcom.seldocker.util.Config     &amp#27;[0;39m : selenium.grid.hubHost=localhost
20:57:27.172 INFO  [ TestNG-tests-1] &amp#27;[36mc.s.util.ResourceLoader       &amp#27;[0;39m : Reading resource from location: test-data/flight-reservation/passenger1.json
20:57:27.172 INFO  [ TestNG-tests-2] &amp#27;[36mc.s.util.ResourceLoader       &amp#27;[0;39m : Reading resource from location: test-data/flight-reservation/passenger2.json
]]></system-out>
    <system-err><![CDATA[Feb 20, 2024 8:57:21 PM org.openqa.selenium.remote.tracing.opentelemetry.OpenTelemetryTracer createTracer
INFO: Using OpenTelemetry for tracing
]]></system-err>
  </testcase>
  <testcase name="userRegisterationTest" classname="com.seldocker.Test.FlightReservationTest" time="0.072"/>
  <testcase name="userRegisterationTest" classname="com.seldocker.Test.FlightReservationTest" time="2.29">
    <system-out><![CDATA[20:57:41.116 INFO  [ TestNG-tests-1] &amp#27;[36mc.s.util.ResourceLoader       &amp#27;[0;39m : Reading resource from location: test-data/flight-reservation/passenger4.json
]]></system-out>
  </testcase>
  <testcase name="userRegisterationTest" classname="com.seldocker.Test.FlightReservationTest" time="0.597"/>
  <testcase name="registertationConfirmationPage" classname="com.seldocker.Test.FlightReservationTest" time="1.617"/>
  <testcase name="registertationConfirmationPage" classname="com.seldocker.Test.FlightReservationTest" time="0.453"/>
  <testcase name="registertationConfirmationPage" classname="com.seldocker.Test.FlightReservationTest" time="0.437"/>
  <testcase name="registertationConfirmationPage" classname="com.seldocker.Test.FlightReservationTest" time="1.274"/>
  <testcase name="flightsearch" classname="com.seldocker.Test.FlightReservationTest" time="1.161"/>
  <testcase name="flightsearch" classname="com.seldocker.Test.FlightReservationTest" time="0.121"/>
  <testcase name="flightsearch" classname="com.seldocker.Test.FlightReservationTest" time="0.239"/>
  <testcase name="flightsearch" classname="com.seldocker.Test.FlightReservationTest" time="1.067"/>
  <testcase name="flightSelection" classname="com.seldocker.Test.FlightReservationTest" time="1.049"/>
  <testcase name="flightSelection" classname="com.seldocker.Test.FlightReservationTest" time="1.758"/>
  <testcase name="flightSelection" classname="com.seldocker.Test.FlightReservationTest" time="1.774"/>
  <testcase name="flightSelection" classname="com.seldocker.Test.FlightReservationTest" time="2.417"/>
  <testcase name="flightReservationConfirmation" classname="com.seldocker.Test.FlightReservationTest" time="1.51">
    <system-out><![CDATA[20:57:37.249 INFO  [ TestNG-tests-2] &amp#27;[36mc.s.P.f.FlightConfirmation    &amp#27;[0;39m : Flight Confimration: 2024-2-1708442856867
20:57:37.250 INFO  [ TestNG-tests-2] &amp#27;[36mc.s.P.f.FlightConfirmation    &amp#27;[0;39m : Flight Price: $1169 USD
]]></system-out>
  </testcase>
  <testcase name="flightReservationConfirmation" classname="com.seldocker.Test.FlightReservationTest" time="0.277">
    <system-out><![CDATA[20:57:39.406 INFO  [ TestNG-tests-2] &amp#27;[36mc.s.util.ResourceLoader       &amp#27;[0;39m : Reading resource from location: test-data/flight-reservation/passenger3.json
20:57:39.635 INFO  [ TestNG-tests-1] &amp#27;[36mc.s.P.f.FlightConfirmation    &amp#27;[0;39m : Flight Confimration: 2024-2-1708442859148
20:57:39.635 INFO  [ TestNG-tests-1] &amp#27;[36mc.s.P.f.FlightConfirmation    &amp#27;[0;39m : Flight Price: $584 USD
]]></system-out>
  </testcase>
  <testcase name="flightReservationConfirmation" classname="com.seldocker.Test.FlightReservationTest" time="0.941">
    <system-out><![CDATA[20:57:48.621 INFO  [ TestNG-tests-2] &amp#27;[36mc.s.P.f.FlightConfirmation    &amp#27;[0;39m : Flight Confimration: 2024-2-1708442868351
20:57:48.621 INFO  [ TestNG-tests-2] &amp#27;[36mc.s.P.f.FlightConfirmation    &amp#27;[0;39m : Flight Price: $1753 USD
]]></system-out>
  </testcase>
  <testcase name="flightReservationConfirmation" classname="com.seldocker.Test.FlightReservationTest" time="1.015">
    <system-out><![CDATA[20:57:52.160 INFO  [ TestNG-tests-1] &amp#27;[36mc.s.P.f.FlightConfirmation    &amp#27;[0;39m : Flight Confimration: 2024-2-1708442871665
20:57:52.160 INFO  [ TestNG-tests-1] &amp#27;[36mc.s.P.f.FlightConfirmation    &amp#27;[0;39m : Flight Price: $2338 USD
]]></system-out>
  </testcase>
  <testcase name="loginPage" classname="com.seldocker.Test.VendorPortalTest" time="1.211">
    <system-out><![CDATA[20:57:52.343 INFO  [           main] &amp#27;[36mc.s.util.ResourceLoader       &amp#27;[0;39m : Reading resource from location: config/config.properties
20:57:52.344 INFO  [           main] &amp#27;[36mcom.seldocker.util.Config     &amp#27;[0;39m : Test Properties
20:57:52.345 INFO  [           main] &amp#27;[36mcom.seldocker.util.Config     &amp#27;[0;39m : selenium.grid.urlFormate=http://%s:4444/wd/hub
20:57:52.345 INFO  [           main] &amp#27;[36mcom.seldocker.util.Config     &amp#27;[0;39m : browser=chrome
20:57:52.345 INFO  [           main] &amp#27;[36mcom.seldocker.util.Config     &amp#27;[0;39m : selenium.grid.enabled=true
20:57:52.345 INFO  [           main] &amp#27;[36mcom.seldocker.util.Config     &amp#27;[0;39m : flightReservation.url=https://d1uh9e7cu07ukd.cloudfront.net/selenium-docker/reservation-app/index.html
20:57:52.345 INFO  [           main] &amp#27;[36mcom.seldocker.util.Config     &amp#27;[0;39m : vendorProtal.url=https://d1uh9e7cu07ukd.cloudfront.net/selenium-docker/vendor-app/index.html
20:57:52.345 INFO  [           main] &amp#27;[36mcom.seldocker.util.Config     &amp#27;[0;39m : selenium.grid.hubHost=localhost
20:57:53.004 INFO  [ TestNG-tests-2] &amp#27;[36mc.s.util.ResourceLoader       &amp#27;[0;39m : Reading resource from location: test-data/vendor-portal/mike.json
20:57:53.028 INFO  [ TestNG-tests-1] &amp#27;[36mc.s.util.ResourceLoader       &amp#27;[0;39m : Reading resource from location: test-data/vendor-portal/sam.json
]]></system-out>
  </testcase>
  <testcase name="loginPage" classname="com.seldocker.Test.VendorPortalTest" time="0.103"/>
  <testcase name="loginPage" classname="com.seldocker.Test.VendorPortalTest" time="1.315">
    <system-out><![CDATA[20:57:59.168 INFO  [ TestNG-tests-1] &amp#27;[36mc.s.util.ResourceLoader       &amp#27;[0;39m : Reading resource from location: test-data/vendor-portal/john.json
]]></system-out>
  </testcase>
  <testcase name="dashBoardTest" classname="com.seldocker.Test.VendorPortalTest" time="4.149">
    <system-out><![CDATA[20:57:56.975 INFO  [ TestNG-tests-1] &amp#27;[36mc.s.P.v.DashBoardpage         &amp#27;[0;39m : Result Count 8
20:57:57.544 INFO  [ TestNG-tests-2] &amp#27;[36mc.s.P.v.DashBoardpage         &amp#27;[0;39m : Result Count 10
]]></system-out>
  </testcase>
  <testcase name="dashBoardTest" classname="com.seldocker.Test.VendorPortalTest" time="4.544"/>
  <testcase name="dashBoardTest" classname="com.seldocker.Test.VendorPortalTest" time="2.797">
    <failure message="expected [1] but found [0]" type="java.lang.AssertionError"><![CDATA[java.lang.AssertionError: expected [1] but found [0]
	at org.testng.Assert.fail(Assert.java:111)
	at org.testng.Assert.failNotEquals(Assert.java:1578)
	at org.testng.Assert.assertEqualsImpl(Assert.java:150)
	at org.testng.Assert.assertEquals(Assert.java:132)
	at org.testng.Assert.assertEquals(Assert.java:1419)
	at org.testng.Assert.assertEquals(Assert.java:1383)
	at org.testng.Assert.assertEquals(Assert.java:1429)
	at com.seldocker.Test.VendorPortalTest.dashBoardTest(VendorPortalTest.java:50)
	at java.base/jdk.internal.reflect.NativeMethodAccessorImpl.invoke0(Native Method)
	at java.base/jdk.internal.reflect.NativeMethodAccessorImpl.invoke(NativeMethodAccessorImpl.java:77)
	at java.base/jdk.internal.reflect.DelegatingMethodAccessorImpl.invoke(DelegatingMethodAccessorImpl.java:43)
	at java.base/java.lang.reflect.Method.invoke(Method.java:568)
	at org.testng.internal.invokers.MethodInvocationHelper.invokeMethod(MethodInvocationHelper.java:139)
	at org.testng.internal.invokers.TestInvoker.invokeMethod(TestInvoker.java:664)
	at org.testng.internal.invokers.TestInvoker.invokeTestMethod(TestInvoker.java:228)
	at org.testng.internal.invokers.MethodRunner.runInSequence(MethodRunner.java:63)
	at org.testng.internal.invokers.TestInvoker$MethodInvocationAgent.invoke(TestInvoker.java:961)
	at org.testng.internal.invokers.TestInvoker.invokeTestMethods(TestInvoker.java:201)
	at org.testng.internal.invokers.TestMethodWorker.invokeTestMethods(TestMethodWorker.java:148)
	at org.testng.internal.invokers.TestMethodWorker.run(TestMethodWorker.java:128)
	at java.base/java.util.ArrayList.forEach(ArrayList.java:1511)
	at org.testng.TestRunner.privateRun(TestRunner.java:819)
	at org.testng.TestRunner.run(TestRunner.java:619)
	at org.testng.SuiteRunner.runTest(SuiteRunner.java:443)
	at org.testng.SuiteRunner$SuiteWorker.run(SuiteRunner.java:481)
	at org.testng.internal.thread.ThreadUtil.lambda$execute$0(ThreadUtil.java:58)
	at java.base/java.util.concurrent.FutureTask.run(FutureTask.java:264)
	at java.base/java.util.concurrent.ThreadPoolExecutor.runWorker(ThreadPoolExecutor.java:1136)
	at java.base/java.util.concurrent.ThreadPoolExecutor$Worker.run(ThreadPoolExecutor.java:635)
	at java.base/java.lang.Thread.run(Thread.java:833)
]]></failure>
    <system-out><![CDATA[20:58:03.276 INFO  [ TestNG-tests-1] &amp#27;[36mc.s.P.v.DashBoardpage         &amp#27;[0;39m : Result Count 0
]]></system-out>
  </testcase>
</testsuite>