<?xml version="1.0" encoding="UTF-8"?>
<!-- Generated by org.testng.reporters.JUnitXMLReporter -->
<testsuite ignored="0" hostname="LAPTOP-FA2GR7UQ" failures="0" tests="5" name="passenger-count-3" time="11.302" errors="0" timestamp="2024-02-20T20:57:48 IST">
  <testcase classname="com.seldocker.Test.FlightReservationTest" name="userRegisterationTest" time="4.003"/>
  <testcase classname="com.seldocker.Test.FlightReservationTest" name="registertationConfirmationPage" time="1.034"/>
  <testcase classname="com.seldocker.Test.FlightReservationTest" name="flightsearch" time="1.516"/>
  <testcase classname="com.seldocker.Test.FlightReservationTest" name="flightSelection" time="1.775"/>
  <testcase classname="com.seldocker.Test.FlightReservationTest" name="flightReservationConfirmation" time="0.937"/>
</testsuite> <!-- passenger-count-3 -->
