<?xml version="1.0" encoding="UTF-8"?>
<!-- Generated by org.testng.reporters.JUnitXMLReporter -->
<testsuite ignored="0" hostname="LAPTOP-FA2GR7UQ" failures="0" tests="5" name="passenger-count-1" time="17.333" errors="0" timestamp="2024-02-20T18:56:17 IST">
  <testcase classname="com.seldocker.Test.FlightReservationTest" name="userRegisterationTest" time="4.774"/>
  <testcase classname="com.seldocker.Test.FlightReservationTest" name="registertationConfirmationPage" time="1.051"/>
  <testcase classname="com.seldocker.Test.FlightReservationTest" name="flightsearch" time="1.21"/>
  <testcase classname="com.seldocker.Test.FlightReservationTest" name="flightSelection" time="2.473"/>
  <testcase classname="com.seldocker.Test.FlightReservationTest" name="flightReservationConfirmation" time="1.403"/>
</testsuite> <!-- passenger-count-1 -->
