<?xml version="1.0" encoding="UTF-8"?>
<!-- Generated by org.testng.reporters.JUnitXMLReporter -->
<testsuite ignored="0" hostname="LAPTOP-FA2GR7UQ" failures="0" tests="5" name="passenger-count-2" time="18.16" errors="0" timestamp="2024-02-20T18:56:18 IST">
  <testcase classname="com.seldocker.Test.FlightReservationTest" name="userRegisterationTest" time="4.326"/>
  <testcase classname="com.seldocker.Test.FlightReservationTest" name="registertationConfirmationPage" time="2.17"/>
  <testcase classname="com.seldocker.Test.FlightReservationTest" name="flightsearch" time="1.875"/>
  <testcase classname="com.seldocker.Test.FlightReservationTest" name="flightSelection" time="2.398"/>
  <testcase classname="com.seldocker.Test.FlightReservationTest" name="flightReservationConfirmation" time="0.959"/>
</testsuite> <!-- passenger-count-2 -->
