<?xml version="1.0" encoding="UTF-8"?>
<testng-results ignored="0" total="20" passed="20" failed="0" skipped="0">
  <reporter-output>
  </reporter-output>
  <suite started-at="2024-02-20T18:55:59 IST" name="FlightReservationSuite" finished-at="2024-02-20T18:56:30 IST" duration-ms="30912">
    <groups>
    </groups>
    <test started-at="2024-02-20T18:55:59 IST" name="passenger-count-1" finished-at="2024-02-20T18:56:17 IST" duration-ms="17333">
      <class name="com.seldocker.Test.FlightReservationTest">
        <test-method is-config="true" signature="setDriver()[pri:0, instance:com.seldocker.Test.FlightReservationTest@661972b0]" started-at="2024-02-20T18:55:59 IST" name="setDriver" finished-at="2024-02-20T18:56:05 IST" duration-ms="5991" status="PASS">
          <reporter-output>
          </reporter-output>
        </test-method> <!-- setDriver -->
        <test-method is-config="true" signature="setParameter(java.lang.String)[pri:0, instance:com.seldocker.Test.FlightReservationTest@661972b0]" started-at="2024-02-20T18:56:05 IST" name="setParameter" finished-at="2024-02-20T18:56:06 IST" depends-on-methods="com.seldocker.Test.BaseTest.setDriver" duration-ms="293" status="PASS">
          <params>
            <param index="0">
              <value>
                <![CDATA[test-data/flight-reservation/passenger1.json]]>
              </value>
            </param>
          </params>
          <reporter-output>
          </reporter-output>
        </test-method> <!-- setParameter -->
        <test-method signature="userRegisterationTest()[pri:0, instance:com.seldocker.Test.FlightReservationTest@661972b0]" started-at="2024-02-20T18:56:06 IST" name="userRegisterationTest" finished-at="2024-02-20T18:56:11 IST" duration-ms="4774" status="PASS">
          <reporter-output>
          </reporter-output>
        </test-method> <!-- userRegisterationTest -->
        <test-method signature="registertationConfirmationPage()[pri:0, instance:com.seldocker.Test.FlightReservationTest@661972b0]" started-at="2024-02-20T18:56:11 IST" name="registertationConfirmationPage" finished-at="2024-02-20T18:56:12 IST" depends-on-methods="com.seldocker.Test.FlightReservationTest.userRegisterationTest" duration-ms="1051" status="PASS">
          <reporter-output>
          </reporter-output>
        </test-method> <!-- registertationConfirmationPage -->
        <test-method signature="flightsearch()[pri:0, instance:com.seldocker.Test.FlightReservationTest@661972b0]" started-at="2024-02-20T18:56:12 IST" name="flightsearch" finished-at="2024-02-20T18:56:13 IST" depends-on-methods="com.seldocker.Test.FlightReservationTest.registertationConfirmationPage" duration-ms="1210" status="PASS">
          <reporter-output>
          </reporter-output>
        </test-method> <!-- flightsearch -->
        <test-method signature="flightSelection()[pri:0, instance:com.seldocker.Test.FlightReservationTest@661972b0]" started-at="2024-02-20T18:56:13 IST" name="flightSelection" finished-at="2024-02-20T18:56:15 IST" depends-on-methods="com.seldocker.Test.FlightReservationTest.flightsearch" duration-ms="2473" status="PASS">
          <reporter-output>
          </reporter-output>
        </test-method> <!-- flightSelection -->
        <test-method signature="flightReservationConfirmation()[pri:0, instance:com.seldocker.Test.FlightReservationTest@661972b0]" started-at="2024-02-20T18:56:15 IST" name="flightReservationConfirmation" finished-at="2024-02-20T18:56:17 IST" depends-on-methods="com.seldocker.Test.FlightReservationTest.flightSelection" duration-ms="1403" status="PASS">
          <reporter-output>
          </reporter-output>
        </test-method> <!-- flightReservationConfirmation -->
        <test-method is-config="true" signature="quitDriver()[pri:0, instance:com.seldocker.Test.FlightReservationTest@661972b0]" started-at="2024-02-20T18:56:17 IST" name="quitDriver" finished-at="2024-02-20T18:56:17 IST" duration-ms="104" status="PASS">
          <reporter-output>
          </reporter-output>
        </test-method> <!-- quitDriver -->
      </class> <!-- com.seldocker.Test.FlightReservationTest -->
    </test> <!-- passenger-count-1 -->
    <test started-at="2024-02-20T18:55:59 IST" name="passenger-count-2" finished-at="2024-02-20T18:56:18 IST" duration-ms="18160">
      <class name="com.seldocker.Test.FlightReservationTest">
        <test-method is-config="true" signature="setDriver()[pri:0, instance:com.seldocker.Test.FlightReservationTest@77847718]" started-at="2024-02-20T18:55:59 IST" name="setDriver" finished-at="2024-02-20T18:56:05 IST" duration-ms="5990" status="PASS">
          <reporter-output>
          </reporter-output>
        </test-method> <!-- setDriver -->
        <test-method is-config="true" signature="setParameter(java.lang.String)[pri:0, instance:com.seldocker.Test.FlightReservationTest@77847718]" started-at="2024-02-20T18:56:05 IST" name="setParameter" finished-at="2024-02-20T18:56:06 IST" depends-on-methods="com.seldocker.Test.BaseTest.setDriver" duration-ms="293" status="PASS">
          <params>
            <param index="0">
              <value>
                <![CDATA[test-data/flight-reservation/passenger2.json]]>
              </value>
            </param>
          </params>
          <reporter-output>
          </reporter-output>
        </test-method> <!-- setParameter -->
        <test-method signature="userRegisterationTest()[pri:0, instance:com.seldocker.Test.FlightReservationTest@77847718]" started-at="2024-02-20T18:56:06 IST" name="userRegisterationTest" finished-at="2024-02-20T18:56:10 IST" duration-ms="4326" status="PASS">
          <reporter-output>
          </reporter-output>
        </test-method> <!-- userRegisterationTest -->
        <test-method signature="registertationConfirmationPage()[pri:0, instance:com.seldocker.Test.FlightReservationTest@77847718]" started-at="2024-02-20T18:56:10 IST" name="registertationConfirmationPage" finished-at="2024-02-20T18:56:12 IST" depends-on-methods="com.seldocker.Test.FlightReservationTest.userRegisterationTest" duration-ms="2170" status="PASS">
          <reporter-output>
          </reporter-output>
        </test-method> <!-- registertationConfirmationPage -->
        <test-method signature="flightsearch()[pri:0, instance:com.seldocker.Test.FlightReservationTest@77847718]" started-at="2024-02-20T18:56:12 IST" name="flightsearch" finished-at="2024-02-20T18:56:14 IST" depends-on-methods="com.seldocker.Test.FlightReservationTest.registertationConfirmationPage" duration-ms="1875" status="PASS">
          <reporter-output>
          </reporter-output>
        </test-method> <!-- flightsearch -->
        <test-method signature="flightSelection()[pri:0, instance:com.seldocker.Test.FlightReservationTest@77847718]" started-at="2024-02-20T18:56:14 IST" name="flightSelection" finished-at="2024-02-20T18:56:17 IST" depends-on-methods="com.seldocker.Test.FlightReservationTest.flightsearch" duration-ms="2398" status="PASS">
          <reporter-output>
          </reporter-output>
        </test-method> <!-- flightSelection -->
        <test-method signature="flightReservationConfirmation()[pri:0, instance:com.seldocker.Test.FlightReservationTest@77847718]" started-at="2024-02-20T18:56:17 IST" name="flightReservationConfirmation" finished-at="2024-02-20T18:56:18 IST" depends-on-methods="com.seldocker.Test.FlightReservationTest.flightSelection" duration-ms="959" status="PASS">
          <reporter-output>
          </reporter-output>
        </test-method> <!-- flightReservationConfirmation -->
        <test-method is-config="true" signature="quitDriver()[pri:0, instance:com.seldocker.Test.FlightReservationTest@77847718]" started-at="2024-02-20T18:56:18 IST" name="quitDriver" finished-at="2024-02-20T18:56:18 IST" duration-ms="107" status="PASS">
          <reporter-output>
          </reporter-output>
        </test-method> <!-- quitDriver -->
      </class> <!-- com.seldocker.Test.FlightReservationTest -->
    </test> <!-- passenger-count-2 -->
    <test started-at="2024-02-20T18:55:59 IST" name="passenger-count-3" finished-at="2024-02-20T18:56:19 IST" duration-ms="20019">
      <class name="com.seldocker.Test.FlightReservationTest">
        <test-method is-config="true" signature="setDriver()[pri:0, instance:com.seldocker.Test.FlightReservationTest@6adbc9d]" started-at="2024-02-20T18:55:59 IST" name="setDriver" finished-at="2024-02-20T18:56:05 IST" duration-ms="5989" status="PASS">
          <reporter-output>
          </reporter-output>
        </test-method> <!-- setDriver -->
        <test-method is-config="true" signature="setParameter(java.lang.String)[pri:0, instance:com.seldocker.Test.FlightReservationTest@6adbc9d]" started-at="2024-02-20T18:56:05 IST" name="setParameter" finished-at="2024-02-20T18:56:06 IST" depends-on-methods="com.seldocker.Test.BaseTest.setDriver" duration-ms="293" status="PASS">
          <params>
            <param index="0">
              <value>
                <![CDATA[test-data/flight-reservation/passenger3.json]]>
              </value>
            </param>
          </params>
          <reporter-output>
          </reporter-output>
        </test-method> <!-- setParameter -->
        <test-method signature="userRegisterationTest()[pri:0, instance:com.seldocker.Test.FlightReservationTest@6adbc9d]" started-at="2024-02-20T18:56:06 IST" name="userRegisterationTest" finished-at="2024-02-20T18:56:10 IST" duration-ms="4695" status="PASS">
          <reporter-output>
          </reporter-output>
        </test-method> <!-- userRegisterationTest -->
        <test-method signature="registertationConfirmationPage()[pri:0, instance:com.seldocker.Test.FlightReservationTest@6adbc9d]" started-at="2024-02-20T18:56:10 IST" name="registertationConfirmationPage" finished-at="2024-02-20T18:56:13 IST" depends-on-methods="com.seldocker.Test.FlightReservationTest.userRegisterationTest" duration-ms="2218" status="PASS">
          <reporter-output>
          </reporter-output>
        </test-method> <!-- registertationConfirmationPage -->
        <test-method signature="flightsearch()[pri:0, instance:com.seldocker.Test.FlightReservationTest@6adbc9d]" started-at="2024-02-20T18:56:13 IST" name="flightsearch" finished-at="2024-02-20T18:56:16 IST" depends-on-methods="com.seldocker.Test.FlightReservationTest.registertationConfirmationPage" duration-ms="3057" status="PASS">
          <reporter-output>
          </reporter-output>
        </test-method> <!-- flightsearch -->
        <test-method signature="flightSelection()[pri:0, instance:com.seldocker.Test.FlightReservationTest@6adbc9d]" started-at="2024-02-20T18:56:16 IST" name="flightSelection" finished-at="2024-02-20T18:56:17 IST" depends-on-methods="com.seldocker.Test.FlightReservationTest.flightsearch" duration-ms="1079" status="PASS">
          <reporter-output>
          </reporter-output>
        </test-method> <!-- flightSelection -->
        <test-method signature="flightReservationConfirmation()[pri:0, instance:com.seldocker.Test.FlightReservationTest@6adbc9d]" started-at="2024-02-20T18:56:17 IST" name="flightReservationConfirmation" finished-at="2024-02-20T18:56:19 IST" depends-on-methods="com.seldocker.Test.FlightReservationTest.flightSelection" duration-ms="2555" status="PASS">
          <reporter-output>
          </reporter-output>
        </test-method> <!-- flightReservationConfirmation -->
        <test-method is-config="true" signature="quitDriver()[pri:0, instance:com.seldocker.Test.FlightReservationTest@6adbc9d]" started-at="2024-02-20T18:56:19 IST" name="quitDriver" finished-at="2024-02-20T18:56:19 IST" duration-ms="97" status="PASS">
          <reporter-output>
          </reporter-output>
        </test-method> <!-- quitDriver -->
      </class> <!-- com.seldocker.Test.FlightReservationTest -->
    </test> <!-- passenger-count-3 -->
    <test started-at="2024-02-20T18:56:17 IST" name="passenger-count-4" finished-at="2024-02-20T18:56:30 IST" duration-ms="13533">
      <class name="com.seldocker.Test.FlightReservationTest">
        <test-method is-config="true" signature="setUpConfig()[pri:0, instance:com.seldocker.Test.FlightReservationTest@1b7cc17c]" started-at="2024-02-20T18:55:59 IST" name="setUpConfig" finished-at="2024-02-20T18:55:59 IST" duration-ms="215" status="PASS">
          <reporter-output>
          </reporter-output>
        </test-method> <!-- setUpConfig -->
        <test-method is-config="true" signature="setDriver()[pri:0, instance:com.seldocker.Test.FlightReservationTest@1b7cc17c]" started-at="2024-02-20T18:56:17 IST" name="setDriver" finished-at="2024-02-20T18:56:19 IST" duration-ms="1877" status="PASS">
          <reporter-output>
          </reporter-output>
        </test-method> <!-- setDriver -->
        <test-method is-config="true" signature="setParameter(java.lang.String)[pri:0, instance:com.seldocker.Test.FlightReservationTest@1b7cc17c]" started-at="2024-02-20T18:56:19 IST" name="setParameter" finished-at="2024-02-20T18:56:19 IST" depends-on-methods="com.seldocker.Test.BaseTest.setDriver" duration-ms="3" status="PASS">
          <params>
            <param index="0">
              <value>
                <![CDATA[test-data/flight-reservation/passenger4.json]]>
              </value>
            </param>
          </params>
          <reporter-output>
          </reporter-output>
        </test-method> <!-- setParameter -->
        <test-method signature="userRegisterationTest()[pri:0, instance:com.seldocker.Test.FlightReservationTest@1b7cc17c]" started-at="2024-02-20T18:56:19 IST" name="userRegisterationTest" finished-at="2024-02-20T18:56:23 IST" duration-ms="3847" status="PASS">
          <reporter-output>
          </reporter-output>
        </test-method> <!-- userRegisterationTest -->
        <test-method signature="registertationConfirmationPage()[pri:0, instance:com.seldocker.Test.FlightReservationTest@1b7cc17c]" started-at="2024-02-20T18:56:23 IST" name="registertationConfirmationPage" finished-at="2024-02-20T18:56:23 IST" depends-on-methods="com.seldocker.Test.FlightReservationTest.userRegisterationTest" duration-ms="353" status="PASS">
          <reporter-output>
          </reporter-output>
        </test-method> <!-- registertationConfirmationPage -->
        <test-method signature="flightsearch()[pri:0, instance:com.seldocker.Test.FlightReservationTest@1b7cc17c]" started-at="2024-02-20T18:56:23 IST" name="flightsearch" finished-at="2024-02-20T18:56:25 IST" depends-on-methods="com.seldocker.Test.FlightReservationTest.registertationConfirmationPage" duration-ms="2517" status="PASS">
          <reporter-output>
          </reporter-output>
        </test-method> <!-- flightsearch -->
        <test-method signature="flightSelection()[pri:0, instance:com.seldocker.Test.FlightReservationTest@1b7cc17c]" started-at="2024-02-20T18:56:25 IST" name="flightSelection" finished-at="2024-02-20T18:56:29 IST" depends-on-methods="com.seldocker.Test.FlightReservationTest.flightsearch" duration-ms="3171" status="PASS">
          <reporter-output>
          </reporter-output>
        </test-method> <!-- flightSelection -->
        <test-method signature="flightReservationConfirmation()[pri:0, instance:com.seldocker.Test.FlightReservationTest@1b7cc17c]" started-at="2024-02-20T18:56:29 IST" name="flightReservationConfirmation" finished-at="2024-02-20T18:56:30 IST" depends-on-methods="com.seldocker.Test.FlightReservationTest.flightSelection" duration-ms="1607" status="PASS">
          <reporter-output>
          </reporter-output>
        </test-method> <!-- flightReservationConfirmation -->
        <test-method is-config="true" signature="quitDriver()[pri:0, instance:com.seldocker.Test.FlightReservationTest@1b7cc17c]" started-at="2024-02-20T18:56:30 IST" name="quitDriver" finished-at="2024-02-20T18:56:30 IST" duration-ms="150" status="PASS">
          <reporter-output>
          </reporter-output>
        </test-method> <!-- quitDriver -->
      </class> <!-- com.seldocker.Test.FlightReservationTest -->
    </test> <!-- passenger-count-4 -->
  </suite> <!-- FlightReservationSuite -->
</testng-results>
